<?xml version="1.0" encoding="UTF-8"?>
<testng-results ignored="0" total="2" passed="2" failed="0" skipped="0">
  <reporter-output>
  </reporter-output>
  <suite started-at="2020-03-07T18:43:31 CET" name="Default suite" finished-at="2020-03-07T18:43:47 CET" duration-ms="16053">
    <groups>
    </groups>
    <test started-at="2020-03-07T18:43:31 CET" name="Default test" finished-at="2020-03-07T18:43:47 CET" duration-ms="16053">
      <class name="TestCases.LoginTest">
        <test-method is-config="true" signature="setup()[pri:0, instance:TestCases.LoginTest@7ff95560]" started-at="2020-03-07T18:43:31 CET" name="setup" finished-at="2020-03-07T18:43:36 CET" duration-ms="5291" status="PASS">
          <reporter-output>
          </reporter-output>
        </test-method> <!-- setup -->
        <test-method signature="correctLogin()[pri:0, instance:TestCases.LoginTest@7ff95560]" started-at="2020-03-07T18:43:36 CET" name="correctLogin" finished-at="2020-03-07T18:43:39 CET" duration-ms="2434" status="PASS">
          <reporter-output>
          </reporter-output>
        </test-method> <!-- correctLogin -->
        <test-method is-config="true" signature="afterTest()[pri:0, instance:TestCases.LoginTest@7ff95560]" started-at="2020-03-07T18:43:39 CET" name="afterTest" finished-at="2020-03-07T18:43:40 CET" duration-ms="614" status="PASS">
          <reporter-output>
          </reporter-output>
        </test-method> <!-- afterTest -->
        <test-method is-config="true" signature="setup()[pri:0, instance:TestCases.LoginTest@7ff95560]" started-at="2020-03-07T18:43:40 CET" name="setup" finished-at="2020-03-07T18:43:44 CET" duration-ms="4691" status="PASS">
          <reporter-output>
          </reporter-output>
        </test-method> <!-- setup -->
        <test-method signature="incorrectLogin()[pri:0, instance:TestCases.LoginTest@7ff95560]" started-at="2020-03-07T18:43:44 CET" name="incorrectLogin" finished-at="2020-03-07T18:43:47 CET" duration-ms="2385" status="PASS">
          <reporter-output>
          </reporter-output>
        </test-method> <!-- incorrectLogin -->
        <test-method is-config="true" signature="afterTest()[pri:0, instance:TestCases.LoginTest@7ff95560]" started-at="2020-03-07T18:43:47 CET" name="afterTest" finished-at="2020-03-07T18:43:47 CET" duration-ms="607" status="PASS">
          <reporter-output>
          </reporter-output>
        </test-method> <!-- afterTest -->
      </class> <!-- TestCases.LoginTest -->
    </test> <!-- Default test -->
  </suite> <!-- Default suite -->
</testng-results>
